2018-06-22 09:54:47,391 INFO (StartupInfoLogger.java:48)- Starting ArticleServiceAppilcation on DESKTOP-R0HDP38 with PID 11344 (D:\project\article-service\target\classes started by zangsh in D:\project\article-service)
2018-06-22 09:54:47,403 INFO (SpringApplication.java:593)- No active profile set, falling back to default profiles: default
2018-06-22 09:54:47,461 INFO (AbstractApplicationContext.java:583)- Refreshing org.springframework.boot.context.embedded.AnnotationConfigEmbeddedWebApplicationContext@43010035: startup date [Fri Jun 22 09:54:47 CST 2018]; root of context hierarchy
2018-06-22 09:54:47,677 INFO (Version.java:30)- HV000001: Hibernate Validator 5.3.6.Final
2018-06-22 09:54:48,922 INFO (TomcatEmbeddedServletContainer.java:92)- Tomcat initialized with port(s): 8080 (http)
2018-06-22 09:54:48,932 INFO (DirectJDKLog.java:180)- Initializing ProtocolHandler ["http-nio-8080"]
2018-06-22 09:54:48,940 INFO (DirectJDKLog.java:180)- Starting service [Tomcat]
2018-06-22 09:54:48,940 INFO (DirectJDKLog.java:180)- Starting Servlet Engine: Apache Tomcat/8.5.31
2018-06-22 09:54:49,011 INFO (DirectJDKLog.java:180)- Initializing Spring embedded WebApplicationContext
2018-06-22 09:54:49,012 INFO (EmbeddedWebApplicationContext.java:276)- Root WebApplicationContext: initialization completed in 1551 ms
2018-06-22 09:54:49,234 INFO (ServletRegistrationBean.java:190)- Mapping servlet: 'dispatcherServlet' to [/]
2018-06-22 09:54:49,235 INFO (ServletRegistrationBean.java:190)- Mapping servlet: 'statViewServlet' to [/druid/*]
2018-06-22 09:54:49,237 INFO (AbstractFilterRegistrationBean.java:258)- Mapping filter: 'metricsFilter' to: [/*]
2018-06-22 09:54:49,237 INFO (AbstractFilterRegistrationBean.java:258)- Mapping filter: 'characterEncodingFilter' to: [/*]
2018-06-22 09:54:49,238 INFO (AbstractFilterRegistrationBean.java:258)- Mapping filter: 'hiddenHttpMethodFilter' to: [/*]
2018-06-22 09:54:49,238 INFO (AbstractFilterRegistrationBean.java:258)- Mapping filter: 'httpPutFormContentFilter' to: [/*]
2018-06-22 09:54:49,238 INFO (AbstractFilterRegistrationBean.java:258)- Mapping filter: 'requestContextFilter' to: [/*]
2018-06-22 09:54:49,238 INFO (AbstractFilterRegistrationBean.java:258)- Mapping filter: 'webRequestLoggingFilter' to: [/*]
2018-06-22 09:54:49,238 INFO (AbstractFilterRegistrationBean.java:271)- Mapping filter: 'webStatFilter' to urls: [/*]
2018-06-22 09:54:49,238 INFO (AbstractFilterRegistrationBean.java:258)- Mapping filter: 'applicationContextIdFilter' to: [/*]
2018-06-22 09:54:49,710 WARN (AbstractApplicationContext.java:551)- Exception encountered during context initialization - cancelling refresh attempt: org.springframework.beans.factory.UnsatisfiedDependencyException: Error creating bean with name 'articleController': Unsatisfied dependency expressed through field 'articleService'; nested exception is org.springframework.beans.factory.UnsatisfiedDependencyException: Error creating bean with name 'articleServiceImpl': Unsatisfied dependency expressed through field 'articleMapper'; nested exception is org.springframework.beans.factory.UnsatisfiedDependencyException: Error creating bean with name 'articleMapper' defined in file [D:\project\article-service\target\classes\com\czb\article\dao\ArticleMapper.class]: Unsatisfied dependency expressed through bean property 'sqlSessionFactory'; nested exception is org.springframework.beans.factory.BeanCreationException: Error creating bean with name 'sqlSessionFactory' defined in class path resource [org/mybatis/spring/boot/autoconfigure/MybatisAutoConfiguration.class]: Bean instantiation via factory method failed; nested exception is org.springframework.beans.BeanInstantiationException: Failed to instantiate [org.apache.ibatis.session.SqlSessionFactory]: Factory method 'sqlSessionFactory' threw exception; nested exception is org.springframework.core.NestedIOException: Failed to parse mapping resource: 'file [D:\project\article-service\target\classes\mybatis\mapper\ArticleMapper.xml]'; nested exception is org.apache.ibatis.builder.BuilderException: Error parsing Mapper XML. Cause: org.apache.ibatis.builder.BuilderException: Error resolving class. Cause: org.apache.ibatis.type.TypeException: Could not resolve type alias 'ArticleResponse'.  Cause: java.lang.ClassNotFoundException: Cannot find class: ArticleResponse
2018-06-22 09:54:49,711 INFO (DirectJDKLog.java:180)- Stopping service [Tomcat]
2018-06-22 09:54:49,732 INFO (AutoConfigurationReportLoggingInitializer.java:101)- 

Error starting ApplicationContext. To display the auto-configuration report re-run your application with 'debug' enabled.
2018-06-22 09:54:49,737 ERROR (SpringApplication.java:771)- Application startup failed
org.springframework.beans.factory.UnsatisfiedDependencyException: Error creating bean with name 'articleController': Unsatisfied dependency expressed through field 'articleService'; nested exception is org.springframework.beans.factory.UnsatisfiedDependencyException: Error creating bean with name 'articleServiceImpl': Unsatisfied dependency expressed through field 'articleMapper'; nested exception is org.springframework.beans.factory.UnsatisfiedDependencyException: Error creating bean with name 'articleMapper' defined in file [D:\project\article-service\target\classes\com\czb\article\dao\ArticleMapper.class]: Unsatisfied dependency expressed through bean property 'sqlSessionFactory'; nested exception is org.springframework.beans.factory.BeanCreationException: Error creating bean with name 'sqlSessionFactory' defined in class path resource [org/mybatis/spring/boot/autoconfigure/MybatisAutoConfiguration.class]: Bean instantiation via factory method failed; nested exception is org.springframework.beans.BeanInstantiationException: Failed to instantiate [org.apache.ibatis.session.SqlSessionFactory]: Factory method 'sqlSessionFactory' threw exception; nested exception is org.springframework.core.NestedIOException: Failed to parse mapping resource: 'file [D:\project\article-service\target\classes\mybatis\mapper\ArticleMapper.xml]'; nested exception is org.apache.ibatis.builder.BuilderException: Error parsing Mapper XML. Cause: org.apache.ibatis.builder.BuilderException: Error resolving class. Cause: org.apache.ibatis.type.TypeException: Could not resolve type alias 'ArticleResponse'.  Cause: java.lang.ClassNotFoundException: Cannot find class: ArticleResponse
	at org.springframework.beans.factory.annotation.AutowiredAnnotationBeanPostProcessor$AutowiredFieldElement.inject(AutowiredAnnotationBeanPostProcessor.java:588)
	at org.springframework.beans.factory.annotation.InjectionMetadata.inject(InjectionMetadata.java:88)
	at org.springframework.beans.factory.annotation.AutowiredAnnotationBeanPostProcessor.postProcessPropertyValues(AutowiredAnnotationBeanPostProcessor.java:366)
	at org.springframework.beans.factory.support.AbstractAutowireCapableBeanFactory.populateBean(AbstractAutowireCapableBeanFactory.java:1264)
	at org.springframework.beans.factory.support.AbstractAutowireCapableBeanFactory.doCreateBean(AbstractAutowireCapableBeanFactory.java:553)
	at org.springframework.beans.factory.support.AbstractAutowireCapableBeanFactory.createBean(AbstractAutowireCapableBeanFactory.java:483)
	at org.springframework.beans.factory.support.AbstractBeanFactory$1.getObject(AbstractBeanFactory.java:306)
	at org.springframework.beans.factory.support.DefaultSingletonBeanRegistry.getSingleton(DefaultSingletonBeanRegistry.java:230)
	at org.springframework.beans.factory.support.AbstractBeanFactory.doGetBean(AbstractBeanFactory.java:302)
	at org.springframework.beans.factory.support.AbstractBeanFactory.getBean(AbstractBeanFactory.java:197)
	at org.springframework.beans.factory.support.DefaultListableBeanFactory.preInstantiateSingletons(DefaultListableBeanFactory.java:761)
	at org.springframework.context.support.AbstractApplicationContext.finishBeanFactoryInitialization(AbstractApplicationContext.java:867)
	at org.springframework.context.support.AbstractApplicationContext.refresh(AbstractApplicationContext.java:543)
	at org.springframework.boot.context.embedded.EmbeddedWebApplicationContext.refresh(EmbeddedWebApplicationContext.java:122)
	at org.springframework.boot.SpringApplication.refresh(SpringApplication.java:693)
	at org.springframework.boot.SpringApplication.refreshContext(SpringApplication.java:360)
	at org.springframework.boot.SpringApplication.run(SpringApplication.java:303)
	at org.springframework.boot.SpringApplication.run(SpringApplication.java:1118)
	at org.springframework.boot.SpringApplication.run(SpringApplication.java:1107)
	at com.czb.article.ArticleServiceAppilcation.main(ArticleServiceAppilcation.java:29)
	at sun.reflect.NativeMethodAccessorImpl.invoke0(Native Method)
	at sun.reflect.NativeMethodAccessorImpl.invoke(NativeMethodAccessorImpl.java:62)
	at sun.reflect.DelegatingMethodAccessorImpl.invoke(DelegatingMethodAccessorImpl.java:43)
	at java.lang.reflect.Method.invoke(Method.java:498)
	at org.springframework.boot.devtools.restart.RestartLauncher.run(RestartLauncher.java:49)
Caused by: org.springframework.beans.factory.UnsatisfiedDependencyException: Error creating bean with name 'articleServiceImpl': Unsatisfied dependency expressed through field 'articleMapper'; nested exception is org.springframework.beans.factory.UnsatisfiedDependencyException: Error creating bean with name 'articleMapper' defined in file [D:\project\article-service\target\classes\com\czb\article\dao\ArticleMapper.class]: Unsatisfied dependency expressed through bean property 'sqlSessionFactory'; nested exception is org.springframework.beans.factory.BeanCreationException: Error creating bean with name 'sqlSessionFactory' defined in class path resource [org/mybatis/spring/boot/autoconfigure/MybatisAutoConfiguration.class]: Bean instantiation via factory method failed; nested exception is org.springframework.beans.BeanInstantiationException: Failed to instantiate [org.apache.ibatis.session.SqlSessionFactory]: Factory method 'sqlSessionFactory' threw exception; nested exception is org.springframework.core.NestedIOException: Failed to parse mapping resource: 'file [D:\project\article-service\target\classes\mybatis\mapper\ArticleMapper.xml]'; nested exception is org.apache.ibatis.builder.BuilderException: Error parsing Mapper XML. Cause: org.apache.ibatis.builder.BuilderException: Error resolving class. Cause: org.apache.ibatis.type.TypeException: Could not resolve type alias 'ArticleResponse'.  Cause: java.lang.ClassNotFoundException: Cannot find class: ArticleResponse
	at org.springframework.beans.factory.annotation.AutowiredAnnotationBeanPostProcessor$AutowiredFieldElement.inject(AutowiredAnnotationBeanPostProcessor.java:588)
	at org.springframework.beans.factory.annotation.InjectionMetadata.inject(InjectionMetadata.java:88)
	at org.springframework.beans.factory.annotation.AutowiredAnnotationBeanPostProcessor.postProcessPropertyValues(AutowiredAnnotationBeanPostProcessor.java:366)
	at org.springframework.beans.factory.support.AbstractAutowireCapableBeanFactory.populateBean(AbstractAutowireCapableBeanFactory.java:1264)
	at org.springframework.beans.factory.support.AbstractAutowireCapableBeanFactory.doCreateBean(AbstractAutowireCapableBeanFactory.java:553)
	at org.springframework.beans.factory.support.AbstractAutowireCapableBeanFactory.createBean(AbstractAutowireCapableBeanFactory.java:483)
	at org.springframework.beans.factory.support.AbstractBeanFactory$1.getObject(AbstractBeanFactory.java:306)
	at org.springframework.beans.factory.support.DefaultSingletonBeanRegistry.getSingleton(DefaultSingletonBeanRegistry.java:230)
	at org.springframework.beans.factory.support.AbstractBeanFactory.doGetBean(AbstractBeanFactory.java:302)
	at org.springframework.beans.factory.support.AbstractBeanFactory.getBean(AbstractBeanFactory.java:202)
	at org.springframework.beans.factory.config.DependencyDescriptor.resolveCandidate(DependencyDescriptor.java:208)
	at org.springframework.beans.factory.support.DefaultListableBeanFactory.doResolveDependency(DefaultListableBeanFactory.java:1138)
	at org.springframework.beans.factory.support.DefaultListableBeanFactory.resolveDependency(DefaultListableBeanFactory.java:1066)
	at org.springframework.beans.factory.annotation.AutowiredAnnotationBeanPostProcessor$AutowiredFieldElement.inject(AutowiredAnnotationBeanPostProcessor.java:585)
	... 24 common frames omitted
Caused by: org.springframework.beans.factory.UnsatisfiedDependencyException: Error creating bean with name 'articleMapper' defined in file [D:\project\article-service\target\classes\com\czb\article\dao\ArticleMapper.class]: Unsatisfied dependency expressed through bean property 'sqlSessionFactory'; nested exception is org.springframework.beans.factory.BeanCreationException: Error creating bean with name 'sqlSessionFactory' defined in class path resource [org/mybatis/spring/boot/autoconfigure/MybatisAutoConfiguration.class]: Bean instantiation via factory method failed; nested exception is org.springframework.beans.BeanInstantiationException: Failed to instantiate [org.apache.ibatis.session.SqlSessionFactory]: Factory method 'sqlSessionFactory' threw exception; nested exception is org.springframework.core.NestedIOException: Failed to parse mapping resource: 'file [D:\project\article-service\target\classes\mybatis\mapper\ArticleMapper.xml]'; nested exception is org.apache.ibatis.builder.BuilderException: Error parsing Mapper XML. Cause: org.apache.ibatis.builder.BuilderException: Error resolving class. Cause: org.apache.ibatis.type.TypeException: Could not resolve type alias 'ArticleResponse'.  Cause: java.lang.ClassNotFoundException: Cannot find class: ArticleResponse
	at org.springframework.beans.factory.support.AbstractAutowireCapableBeanFactory.autowireByType(AbstractAutowireCapableBeanFactory.java:1357)
	at org.springframework.beans.factory.support.AbstractAutowireCapableBeanFactory.populateBean(AbstractAutowireCapableBeanFactory.java:1249)
	at org.springframework.beans.factory.support.AbstractAutowireCapableBeanFactory.doCreateBean(AbstractAutowireCapableBeanFactory.java:553)
	at org.springframework.beans.factory.support.AbstractAutowireCapableBeanFactory.createBean(AbstractAutowireCapableBeanFactory.java:483)
	at org.springframework.beans.factory.support.AbstractBeanFactory$1.getObject(AbstractBeanFactory.java:306)
	at org.springframework.beans.factory.support.DefaultSingletonBeanRegistry.getSingleton(DefaultSingletonBeanRegistry.java:230)
	at org.springframework.beans.factory.support.AbstractBeanFactory.doGetBean(AbstractBeanFactory.java:302)
	at org.springframework.beans.factory.support.AbstractBeanFactory.getBean(AbstractBeanFactory.java:202)
	at org.springframework.beans.factory.config.DependencyDescriptor.resolveCandidate(DependencyDescriptor.java:208)
	at org.springframework.beans.factory.support.DefaultListableBeanFactory.doResolveDependency(DefaultListableBeanFactory.java:1138)
	at org.springframework.beans.factory.support.DefaultListableBeanFactory.resolveDependency(DefaultListableBeanFactory.java:1066)
	at org.springframework.beans.factory.annotation.AutowiredAnnotationBeanPostProcessor$AutowiredFieldElement.inject(AutowiredAnnotationBeanPostProcessor.java:585)
	... 37 common frames omitted
Caused by: org.springframework.beans.factory.BeanCreationException: Error creating bean with name 'sqlSessionFactory' defined in class path resource [org/mybatis/spring/boot/autoconfigure/MybatisAutoConfiguration.class]: Bean instantiation via factory method failed; nested exception is org.springframework.beans.BeanInstantiationException: Failed to instantiate [org.apache.ibatis.session.SqlSessionFactory]: Factory method 'sqlSessionFactory' threw exception; nested exception is org.springframework.core.NestedIOException: Failed to parse mapping resource: 'file [D:\project\article-service\target\classes\mybatis\mapper\ArticleMapper.xml]'; nested exception is org.apache.ibatis.builder.BuilderException: Error parsing Mapper XML. Cause: org.apache.ibatis.builder.BuilderException: Error resolving class. Cause: org.apache.ibatis.type.TypeException: Could not resolve type alias 'ArticleResponse'.  Cause: java.lang.ClassNotFoundException: Cannot find class: ArticleResponse
	at org.springframework.beans.factory.support.ConstructorResolver.instantiateUsingFactoryMethod(ConstructorResolver.java:599)
	at org.springframework.beans.factory.support.AbstractAutowireCapableBeanFactory.instantiateUsingFactoryMethod(AbstractAutowireCapableBeanFactory.java:1173)
	at org.springframework.beans.factory.support.AbstractAutowireCapableBeanFactory.createBeanInstance(AbstractAutowireCapableBeanFactory.java:1067)
	at org.springframework.beans.factory.support.AbstractAutowireCapableBeanFactory.doCreateBean(AbstractAutowireCapableBeanFactory.java:513)
	at org.springframework.beans.factory.support.AbstractAutowireCapableBeanFactory.createBean(AbstractAutowireCapableBeanFactory.java:483)
	at org.springframework.beans.factory.support.AbstractBeanFactory$1.getObject(AbstractBeanFactory.java:306)
	at org.springframework.beans.factory.support.DefaultSingletonBeanRegistry.getSingleton(DefaultSingletonBeanRegistry.java:230)
	at org.springframework.beans.factory.support.AbstractBeanFactory.doGetBean(AbstractBeanFactory.java:302)
	at org.springframework.beans.factory.support.AbstractBeanFactory.getBean(AbstractBeanFactory.java:202)
	at org.springframework.beans.factory.config.DependencyDescriptor.resolveCandidate(DependencyDescriptor.java:208)
	at org.springframework.beans.factory.support.DefaultListableBeanFactory.doResolveDependency(DefaultListableBeanFactory.java:1138)
	at org.springframework.beans.factory.support.DefaultListableBeanFactory.resolveDependency(DefaultListableBeanFactory.java:1066)
	at org.springframework.beans.factory.support.AbstractAutowireCapableBeanFactory.autowireByType(AbstractAutowireCapableBeanFactory.java:1342)
	... 48 common frames omitted
Caused by: org.springframework.beans.BeanInstantiationException: Failed to instantiate [org.apache.ibatis.session.SqlSessionFactory]: Factory method 'sqlSessionFactory' threw exception; nested exception is org.springframework.core.NestedIOException: Failed to parse mapping resource: 'file [D:\project\article-service\target\classes\mybatis\mapper\ArticleMapper.xml]'; nested exception is org.apache.ibatis.builder.BuilderException: Error parsing Mapper XML. Cause: org.apache.ibatis.builder.BuilderException: Error resolving class. Cause: org.apache.ibatis.type.TypeException: Could not resolve type alias 'ArticleResponse'.  Cause: java.lang.ClassNotFoundException: Cannot find class: ArticleResponse
	at org.springframework.beans.factory.support.SimpleInstantiationStrategy.instantiate(SimpleInstantiationStrategy.java:189)
	at org.springframework.beans.factory.support.ConstructorResolver.instantiateUsingFactoryMethod(ConstructorResolver.java:588)
	... 60 common frames omitted
Caused by: org.springframework.core.NestedIOException: Failed to parse mapping resource: 'file [D:\project\article-service\target\classes\mybatis\mapper\ArticleMapper.xml]'; nested exception is org.apache.ibatis.builder.BuilderException: Error parsing Mapper XML. Cause: org.apache.ibatis.builder.BuilderException: Error resolving class. Cause: org.apache.ibatis.type.TypeException: Could not resolve type alias 'ArticleResponse'.  Cause: java.lang.ClassNotFoundException: Cannot find class: ArticleResponse
	at org.mybatis.spring.SqlSessionFactoryBean.buildSqlSessionFactory(SqlSessionFactoryBean.java:523)
	at org.mybatis.spring.SqlSessionFactoryBean.afterPropertiesSet(SqlSessionFactoryBean.java:380)
	at org.mybatis.spring.SqlSessionFactoryBean.getObject(SqlSessionFactoryBean.java:547)
	at org.mybatis.spring.boot.autoconfigure.MybatisAutoConfiguration.sqlSessionFactory(MybatisAutoConfiguration.java:153)
	at org.mybatis.spring.boot.autoconfigure.MybatisAutoConfiguration$$EnhancerBySpringCGLIB$$9b27fa08.CGLIB$sqlSessionFactory$0(<generated>)
	at org.mybatis.spring.boot.autoconfigure.MybatisAutoConfiguration$$EnhancerBySpringCGLIB$$9b27fa08$$FastClassBySpringCGLIB$$88ba0e7f.invoke(<generated>)
	at org.springframework.cglib.proxy.MethodProxy.invokeSuper(MethodProxy.java:228)
	at org.springframework.context.annotation.ConfigurationClassEnhancer$BeanMethodInterceptor.intercept(ConfigurationClassEnhancer.java:358)
	at org.mybatis.spring.boot.autoconfigure.MybatisAutoConfiguration$$EnhancerBySpringCGLIB$$9b27fa08.sqlSessionFactory(<generated>)
	at sun.reflect.NativeMethodAccessorImpl.invoke0(Native Method)
	at sun.reflect.NativeMethodAccessorImpl.invoke(NativeMethodAccessorImpl.java:62)
	at sun.reflect.DelegatingMethodAccessorImpl.invoke(DelegatingMethodAccessorImpl.java:43)
	at java.lang.reflect.Method.invoke(Method.java:498)
	at org.springframework.beans.factory.support.SimpleInstantiationStrategy.instantiate(SimpleInstantiationStrategy.java:162)
	... 61 common frames omitted
Caused by: org.apache.ibatis.builder.BuilderException: Error parsing Mapper XML. Cause: org.apache.ibatis.builder.BuilderException: Error resolving class. Cause: org.apache.ibatis.type.TypeException: Could not resolve type alias 'ArticleResponse'.  Cause: java.lang.ClassNotFoundException: Cannot find class: ArticleResponse
	at org.apache.ibatis.builder.xml.XMLMapperBuilder.configurationElement(XMLMapperBuilder.java:120)
	at org.apache.ibatis.builder.xml.XMLMapperBuilder.parse(XMLMapperBuilder.java:92)
	at org.mybatis.spring.SqlSessionFactoryBean.buildSqlSessionFactory(SqlSessionFactoryBean.java:521)
	... 74 common frames omitted
Caused by: org.apache.ibatis.builder.BuilderException: Error resolving class. Cause: org.apache.ibatis.type.TypeException: Could not resolve type alias 'ArticleResponse'.  Cause: java.lang.ClassNotFoundException: Cannot find class: ArticleResponse
	at org.apache.ibatis.builder.BaseBuilder.resolveClass(BaseBuilder.java:118)
	at org.apache.ibatis.builder.xml.XMLMapperBuilder.resultMapElement(XMLMapperBuilder.java:265)
	at org.apache.ibatis.builder.xml.XMLMapperBuilder.resultMapElement(XMLMapperBuilder.java:252)
	at org.apache.ibatis.builder.xml.XMLMapperBuilder.resultMapElements(XMLMapperBuilder.java:244)
	at org.apache.ibatis.builder.xml.XMLMapperBuilder.configurationElement(XMLMapperBuilder.java:116)
	... 76 common frames omitted
Caused by: org.apache.ibatis.type.TypeException: Could not resolve type alias 'ArticleResponse'.  Cause: java.lang.ClassNotFoundException: Cannot find class: ArticleResponse
	at org.apache.ibatis.type.TypeAliasRegistry.resolveAlias(TypeAliasRegistry.java:120)
	at org.apache.ibatis.builder.BaseBuilder.resolveAlias(BaseBuilder.java:149)
	at org.apache.ibatis.builder.BaseBuilder.resolveClass(BaseBuilder.java:116)
	... 80 common frames omitted
Caused by: java.lang.ClassNotFoundException: Cannot find class: ArticleResponse
	at org.apache.ibatis.io.ClassLoaderWrapper.classForName(ClassLoaderWrapper.java:200)
	at org.apache.ibatis.io.ClassLoaderWrapper.classForName(ClassLoaderWrapper.java:89)
	at org.apache.ibatis.io.Resources.classForName(Resources.java:261)
	at org.apache.ibatis.type.TypeAliasRegistry.resolveAlias(TypeAliasRegistry.java:116)
	... 82 common frames omitted
2018-06-22 09:55:40,988 INFO (StartupInfoLogger.java:48)- Starting ArticleServiceAppilcation on DESKTOP-R0HDP38 with PID 9548 (D:\project\article-service\target\classes started by zangsh in D:\project\article-service)
2018-06-22 09:55:40,991 INFO (SpringApplication.java:593)- No active profile set, falling back to default profiles: default
2018-06-22 09:55:41,034 INFO (AbstractApplicationContext.java:583)- Refreshing org.springframework.boot.context.embedded.AnnotationConfigEmbeddedWebApplicationContext@43010035: startup date [Fri Jun 22 09:55:41 CST 2018]; root of context hierarchy
2018-06-22 09:55:41,147 INFO (Version.java:30)- HV000001: Hibernate Validator 5.3.6.Final
2018-06-22 09:55:42,381 INFO (TomcatEmbeddedServletContainer.java:92)- Tomcat initialized with port(s): 8080 (http)
2018-06-22 09:55:42,390 INFO (DirectJDKLog.java:180)- Initializing ProtocolHandler ["http-nio-8080"]
2018-06-22 09:55:42,396 INFO (DirectJDKLog.java:180)- Starting service [Tomcat]
2018-06-22 09:55:42,396 INFO (DirectJDKLog.java:180)- Starting Servlet Engine: Apache Tomcat/8.5.31
2018-06-22 09:55:42,457 INFO (DirectJDKLog.java:180)- Initializing Spring embedded WebApplicationContext
2018-06-22 09:55:42,458 INFO (EmbeddedWebApplicationContext.java:276)- Root WebApplicationContext: initialization completed in 1424 ms
2018-06-22 09:55:42,638 INFO (ServletRegistrationBean.java:190)- Mapping servlet: 'dispatcherServlet' to [/]
2018-06-22 09:55:42,639 INFO (ServletRegistrationBean.java:190)- Mapping servlet: 'statViewServlet' to [/druid/*]
2018-06-22 09:55:42,641 INFO (AbstractFilterRegistrationBean.java:258)- Mapping filter: 'metricsFilter' to: [/*]
2018-06-22 09:55:42,641 INFO (AbstractFilterRegistrationBean.java:258)- Mapping filter: 'characterEncodingFilter' to: [/*]
2018-06-22 09:55:42,641 INFO (AbstractFilterRegistrationBean.java:258)- Mapping filter: 'hiddenHttpMethodFilter' to: [/*]
2018-06-22 09:55:42,641 INFO (AbstractFilterRegistrationBean.java:258)- Mapping filter: 'httpPutFormContentFilter' to: [/*]
2018-06-22 09:55:42,642 INFO (AbstractFilterRegistrationBean.java:258)- Mapping filter: 'requestContextFilter' to: [/*]
2018-06-22 09:55:42,642 INFO (AbstractFilterRegistrationBean.java:258)- Mapping filter: 'webRequestLoggingFilter' to: [/*]
2018-06-22 09:55:42,642 INFO (AbstractFilterRegistrationBean.java:271)- Mapping filter: 'webStatFilter' to urls: [/*]
2018-06-22 09:55:42,642 INFO (AbstractFilterRegistrationBean.java:258)- Mapping filter: 'applicationContextIdFilter' to: [/*]
2018-06-22 09:55:43,116 WARN (AbstractApplicationContext.java:551)- Exception encountered during context initialization - cancelling refresh attempt: org.springframework.beans.factory.UnsatisfiedDependencyException: Error creating bean with name 'articleController': Unsatisfied dependency expressed through field 'articleService'; nested exception is org.springframework.beans.factory.UnsatisfiedDependencyException: Error creating bean with name 'articleServiceImpl': Unsatisfied dependency expressed through field 'articleMapper'; nested exception is org.springframework.beans.factory.UnsatisfiedDependencyException: Error creating bean with name 'articleMapper' defined in file [D:\project\article-service\target\classes\com\czb\article\dao\ArticleMapper.class]: Unsatisfied dependency expressed through bean property 'sqlSessionFactory'; nested exception is org.springframework.beans.factory.BeanCreationException: Error creating bean with name 'sqlSessionFactory' defined in class path resource [org/mybatis/spring/boot/autoconfigure/MybatisAutoConfiguration.class]: Bean instantiation via factory method failed; nested exception is org.springframework.beans.BeanInstantiationException: Failed to instantiate [org.apache.ibatis.session.SqlSessionFactory]: Factory method 'sqlSessionFactory' threw exception; nested exception is org.springframework.core.NestedIOException: Failed to parse mapping resource: 'file [D:\project\article-service\target\classes\mybatis\mapper\ArticleMapper.xml]'; nested exception is org.apache.ibatis.builder.BuilderException: Error parsing Mapper XML. Cause: org.apache.ibatis.builder.BuilderException: Error resolving class. Cause: org.apache.ibatis.type.TypeException: Could not resolve type alias 'ArticleResponse'.  Cause: java.lang.ClassNotFoundException: Cannot find class: ArticleResponse
2018-06-22 09:55:43,118 INFO (DirectJDKLog.java:180)- Stopping service [Tomcat]
2018-06-22 09:55:43,135 INFO (AutoConfigurationReportLoggingInitializer.java:101)- 

Error starting ApplicationContext. To display the auto-configuration report re-run your application with 'debug' enabled.
2018-06-22 09:55:43,140 ERROR (SpringApplication.java:771)- Application startup failed
org.springframework.beans.factory.UnsatisfiedDependencyException: Error creating bean with name 'articleController': Unsatisfied dependency expressed through field 'articleService'; nested exception is org.springframework.beans.factory.UnsatisfiedDependencyException: Error creating bean with name 'articleServiceImpl': Unsatisfied dependency expressed through field 'articleMapper'; nested exception is org.springframework.beans.factory.UnsatisfiedDependencyException: Error creating bean with name 'articleMapper' defined in file [D:\project\article-service\target\classes\com\czb\article\dao\ArticleMapper.class]: Unsatisfied dependency expressed through bean property 'sqlSessionFactory'; nested exception is org.springframework.beans.factory.BeanCreationException: Error creating bean with name 'sqlSessionFactory' defined in class path resource [org/mybatis/spring/boot/autoconfigure/MybatisAutoConfiguration.class]: Bean instantiation via factory method failed; nested exception is org.springframework.beans.BeanInstantiationException: Failed to instantiate [org.apache.ibatis.session.SqlSessionFactory]: Factory method 'sqlSessionFactory' threw exception; nested exception is org.springframework.core.NestedIOException: Failed to parse mapping resource: 'file [D:\project\article-service\target\classes\mybatis\mapper\ArticleMapper.xml]'; nested exception is org.apache.ibatis.builder.BuilderException: Error parsing Mapper XML. Cause: org.apache.ibatis.builder.BuilderException: Error resolving class. Cause: org.apache.ibatis.type.TypeException: Could not resolve type alias 'ArticleResponse'.  Cause: java.lang.ClassNotFoundException: Cannot find class: ArticleResponse
	at org.springframework.beans.factory.annotation.AutowiredAnnotationBeanPostProcessor$AutowiredFieldElement.inject(AutowiredAnnotationBeanPostProcessor.java:588)
	at org.springframework.beans.factory.annotation.InjectionMetadata.inject(InjectionMetadata.java:88)
	at org.springframework.beans.factory.annotation.AutowiredAnnotationBeanPostProcessor.postProcessPropertyValues(AutowiredAnnotationBeanPostProcessor.java:366)
	at org.springframework.beans.factory.support.AbstractAutowireCapableBeanFactory.populateBean(AbstractAutowireCapableBeanFactory.java:1264)
	at org.springframework.beans.factory.support.AbstractAutowireCapableBeanFactory.doCreateBean(AbstractAutowireCapableBeanFactory.java:553)
	at org.springframework.beans.factory.support.AbstractAutowireCapableBeanFactory.createBean(AbstractAutowireCapableBeanFactory.java:483)
	at org.springframework.beans.factory.support.AbstractBeanFactory$1.getObject(AbstractBeanFactory.java:306)
	at org.springframework.beans.factory.support.DefaultSingletonBeanRegistry.getSingleton(DefaultSingletonBeanRegistry.java:230)
	at org.springframework.beans.factory.support.AbstractBeanFactory.doGetBean(AbstractBeanFactory.java:302)
	at org.springframework.beans.factory.support.AbstractBeanFactory.getBean(AbstractBeanFactory.java:197)
	at org.springframework.beans.factory.support.DefaultListableBeanFactory.preInstantiateSingletons(DefaultListableBeanFactory.java:761)
	at org.springframework.context.support.AbstractApplicationContext.finishBeanFactoryInitialization(AbstractApplicationContext.java:867)
	at org.springframework.context.support.AbstractApplicationContext.refresh(AbstractApplicationContext.java:543)
	at org.springframework.boot.context.embedded.EmbeddedWebApplicationContext.refresh(EmbeddedWebApplicationContext.java:122)
	at org.springframework.boot.SpringApplication.refresh(SpringApplication.java:693)
	at org.springframework.boot.SpringApplication.refreshContext(SpringApplication.java:360)
	at org.springframework.boot.SpringApplication.run(SpringApplication.java:303)
	at org.springframework.boot.SpringApplication.run(SpringApplication.java:1118)
	at org.springframework.boot.SpringApplication.run(SpringApplication.java:1107)
	at com.czb.article.ArticleServiceAppilcation.main(ArticleServiceAppilcation.java:29)
	at sun.reflect.NativeMethodAccessorImpl.invoke0(Native Method)
	at sun.reflect.NativeMethodAccessorImpl.invoke(NativeMethodAccessorImpl.java:62)
	at sun.reflect.DelegatingMethodAccessorImpl.invoke(DelegatingMethodAccessorImpl.java:43)
	at java.lang.reflect.Method.invoke(Method.java:498)
	at org.springframework.boot.devtools.restart.RestartLauncher.run(RestartLauncher.java:49)
Caused by: org.springframework.beans.factory.UnsatisfiedDependencyException: Error creating bean with name 'articleServiceImpl': Unsatisfied dependency expressed through field 'articleMapper'; nested exception is org.springframework.beans.factory.UnsatisfiedDependencyException: Error creating bean with name 'articleMapper' defined in file [D:\project\article-service\target\classes\com\czb\article\dao\ArticleMapper.class]: Unsatisfied dependency expressed through bean property 'sqlSessionFactory'; nested exception is org.springframework.beans.factory.BeanCreationException: Error creating bean with name 'sqlSessionFactory' defined in class path resource [org/mybatis/spring/boot/autoconfigure/MybatisAutoConfiguration.class]: Bean instantiation via factory method failed; nested exception is org.springframework.beans.BeanInstantiationException: Failed to instantiate [org.apache.ibatis.session.SqlSessionFactory]: Factory method 'sqlSessionFactory' threw exception; nested exception is org.springframework.core.NestedIOException: Failed to parse mapping resource: 'file [D:\project\article-service\target\classes\mybatis\mapper\ArticleMapper.xml]'; nested exception is org.apache.ibatis.builder.BuilderException: Error parsing Mapper XML. Cause: org.apache.ibatis.builder.BuilderException: Error resolving class. Cause: org.apache.ibatis.type.TypeException: Could not resolve type alias 'ArticleResponse'.  Cause: java.lang.ClassNotFoundException: Cannot find class: ArticleResponse
	at org.springframework.beans.factory.annotation.AutowiredAnnotationBeanPostProcessor$AutowiredFieldElement.inject(AutowiredAnnotationBeanPostProcessor.java:588)
	at org.springframework.beans.factory.annotation.InjectionMetadata.inject(InjectionMetadata.java:88)
	at org.springframework.beans.factory.annotation.AutowiredAnnotationBeanPostProcessor.postProcessPropertyValues(AutowiredAnnotationBeanPostProcessor.java:366)
	at org.springframework.beans.factory.support.AbstractAutowireCapableBeanFactory.populateBean(AbstractAutowireCapableBeanFactory.java:1264)
	at org.springframework.beans.factory.support.AbstractAutowireCapableBeanFactory.doCreateBean(AbstractAutowireCapableBeanFactory.java:553)
	at org.springframework.beans.factory.support.AbstractAutowireCapableBeanFactory.createBean(AbstractAutowireCapableBeanFactory.java:483)
	at org.springframework.beans.factory.support.AbstractBeanFactory$1.getObject(AbstractBeanFactory.java:306)
	at org.springframework.beans.factory.support.DefaultSingletonBeanRegistry.getSingleton(DefaultSingletonBeanRegistry.java:230)
	at org.springframework.beans.factory.support.AbstractBeanFactory.doGetBean(AbstractBeanFactory.java:302)
	at org.springframework.beans.factory.support.AbstractBeanFactory.getBean(AbstractBeanFactory.java:202)
	at org.springframework.beans.factory.config.DependencyDescriptor.resolveCandidate(DependencyDescriptor.java:208)
	at org.springframework.beans.factory.support.DefaultListableBeanFactory.doResolveDependency(DefaultListableBeanFactory.java:1138)
	at org.springframework.beans.factory.support.DefaultListableBeanFactory.resolveDependency(DefaultListableBeanFactory.java:1066)
	at org.springframework.beans.factory.annotation.AutowiredAnnotationBeanPostProcessor$AutowiredFieldElement.inject(AutowiredAnnotationBeanPostProcessor.java:585)
	... 24 common frames omitted
Caused by: org.springframework.beans.factory.UnsatisfiedDependencyException: Error creating bean with name 'articleMapper' defined in file [D:\project\article-service\target\classes\com\czb\article\dao\ArticleMapper.class]: Unsatisfied dependency expressed through bean property 'sqlSessionFactory'; nested exception is org.springframework.beans.factory.BeanCreationException: Error creating bean with name 'sqlSessionFactory' defined in class path resource [org/mybatis/spring/boot/autoconfigure/MybatisAutoConfiguration.class]: Bean instantiation via factory method failed; nested exception is org.springframework.beans.BeanInstantiationException: Failed to instantiate [org.apache.ibatis.session.SqlSessionFactory]: Factory method 'sqlSessionFactory' threw exception; nested exception is org.springframework.core.NestedIOException: Failed to parse mapping resource: 'file [D:\project\article-service\target\classes\mybatis\mapper\ArticleMapper.xml]'; nested exception is org.apache.ibatis.builder.BuilderException: Error parsing Mapper XML. Cause: org.apache.ibatis.builder.BuilderException: Error resolving class. Cause: org.apache.ibatis.type.TypeException: Could not resolve type alias 'ArticleResponse'.  Cause: java.lang.ClassNotFoundException: Cannot find class: ArticleResponse
	at org.springframework.beans.factory.support.AbstractAutowireCapableBeanFactory.autowireByType(AbstractAutowireCapableBeanFactory.java:1357)
	at org.springframework.beans.factory.support.AbstractAutowireCapableBeanFactory.populateBean(AbstractAutowireCapableBeanFactory.java:1249)
	at org.springframework.beans.factory.support.AbstractAutowireCapableBeanFactory.doCreateBean(AbstractAutowireCapableBeanFactory.java:553)
	at org.springframework.beans.factory.support.AbstractAutowireCapableBeanFactory.createBean(AbstractAutowireCapableBeanFactory.java:483)
	at org.springframework.beans.factory.support.AbstractBeanFactory$1.getObject(AbstractBeanFactory.java:306)
	at org.springframework.beans.factory.support.DefaultSingletonBeanRegistry.getSingleton(DefaultSingletonBeanRegistry.java:230)
	at org.springframework.beans.factory.support.AbstractBeanFactory.doGetBean(AbstractBeanFactory.java:302)
	at org.springframework.beans.factory.support.AbstractBeanFactory.getBean(AbstractBeanFactory.java:202)
	at org.springframework.beans.factory.config.DependencyDescriptor.resolveCandidate(DependencyDescriptor.java:208)
	at org.springframework.beans.factory.support.DefaultListableBeanFactory.doResolveDependency(DefaultListableBeanFactory.java:1138)
	at org.springframework.beans.factory.support.DefaultListableBeanFactory.resolveDependency(DefaultListableBeanFactory.java:1066)
	at org.springframework.beans.factory.annotation.AutowiredAnnotationBeanPostProcessor$AutowiredFieldElement.inject(AutowiredAnnotationBeanPostProcessor.java:585)
	... 37 common frames omitted
Caused by: org.springframework.beans.factory.BeanCreationException: Error creating bean with name 'sqlSessionFactory' defined in class path resource [org/mybatis/spring/boot/autoconfigure/MybatisAutoConfiguration.class]: Bean instantiation via factory method failed; nested exception is org.springframework.beans.BeanInstantiationException: Failed to instantiate [org.apache.ibatis.session.SqlSessionFactory]: Factory method 'sqlSessionFactory' threw exception; nested exception is org.springframework.core.NestedIOException: Failed to parse mapping resource: 'file [D:\project\article-service\target\classes\mybatis\mapper\ArticleMapper.xml]'; nested exception is org.apache.ibatis.builder.BuilderException: Error parsing Mapper XML. Cause: org.apache.ibatis.builder.BuilderException: Error resolving class. Cause: org.apache.ibatis.type.TypeException: Could not resolve type alias 'ArticleResponse'.  Cause: java.lang.ClassNotFoundException: Cannot find class: ArticleResponse
	at org.springframework.beans.factory.support.ConstructorResolver.instantiateUsingFactoryMethod(ConstructorResolver.java:599)
	at org.springframework.beans.factory.support.AbstractAutowireCapableBeanFactory.instantiateUsingFactoryMethod(AbstractAutowireCapableBeanFactory.java:1173)
	at org.springframework.beans.factory.support.AbstractAutowireCapableBeanFactory.createBeanInstance(AbstractAutowireCapableBeanFactory.java:1067)
	at org.springframework.beans.factory.support.AbstractAutowireCapableBeanFactory.doCreateBean(AbstractAutowireCapableBeanFactory.java:513)
	at org.springframework.beans.factory.support.AbstractAutowireCapableBeanFactory.createBean(AbstractAutowireCapableBeanFactory.java:483)
	at org.springframework.beans.factory.support.AbstractBeanFactory$1.getObject(AbstractBeanFactory.java:306)
	at org.springframework.beans.factory.support.DefaultSingletonBeanRegistry.getSingleton(DefaultSingletonBeanRegistry.java:230)
	at org.springframework.beans.factory.support.AbstractBeanFactory.doGetBean(AbstractBeanFactory.java:302)
	at org.springframework.beans.factory.support.AbstractBeanFactory.getBean(AbstractBeanFactory.java:202)
	at org.springframework.beans.factory.config.DependencyDescriptor.resolveCandidate(DependencyDescriptor.java:208)
	at org.springframework.beans.factory.support.DefaultListableBeanFactory.doResolveDependency(DefaultListableBeanFactory.java:1138)
	at org.springframework.beans.factory.support.DefaultListableBeanFactory.resolveDependency(DefaultListableBeanFactory.java:1066)
	at org.springframework.beans.factory.support.AbstractAutowireCapableBeanFactory.autowireByType(AbstractAutowireCapableBeanFactory.java:1342)
	... 48 common frames omitted
Caused by: org.springframework.beans.BeanInstantiationException: Failed to instantiate [org.apache.ibatis.session.SqlSessionFactory]: Factory method 'sqlSessionFactory' threw exception; nested exception is org.springframework.core.NestedIOException: Failed to parse mapping resource: 'file [D:\project\article-service\target\classes\mybatis\mapper\ArticleMapper.xml]'; nested exception is org.apache.ibatis.builder.BuilderException: Error parsing Mapper XML. Cause: org.apache.ibatis.builder.BuilderException: Error resolving class. Cause: org.apache.ibatis.type.TypeException: Could not resolve type alias 'ArticleResponse'.  Cause: java.lang.ClassNotFoundException: Cannot find class: ArticleResponse
	at org.springframework.beans.factory.support.SimpleInstantiationStrategy.instantiate(SimpleInstantiationStrategy.java:189)
	at org.springframework.beans.factory.support.ConstructorResolver.instantiateUsingFactoryMethod(ConstructorResolver.java:588)
	... 60 common frames omitted
Caused by: org.springframework.core.NestedIOException: Failed to parse mapping resource: 'file [D:\project\article-service\target\classes\mybatis\mapper\ArticleMapper.xml]'; nested exception is org.apache.ibatis.builder.BuilderException: Error parsing Mapper XML. Cause: org.apache.ibatis.builder.BuilderException: Error resolving class. Cause: org.apache.ibatis.type.TypeException: Could not resolve type alias 'ArticleResponse'.  Cause: java.lang.ClassNotFoundException: Cannot find class: ArticleResponse
	at org.mybatis.spring.SqlSessionFactoryBean.buildSqlSessionFactory(SqlSessionFactoryBean.java:523)
	at org.mybatis.spring.SqlSessionFactoryBean.afterPropertiesSet(SqlSessionFactoryBean.java:380)
	at org.mybatis.spring.SqlSessionFactoryBean.getObject(SqlSessionFactoryBean.java:547)
	at org.mybatis.spring.boot.autoconfigure.MybatisAutoConfiguration.sqlSessionFactory(MybatisAutoConfiguration.java:153)
	at org.mybatis.spring.boot.autoconfigure.MybatisAutoConfiguration$$EnhancerBySpringCGLIB$$71a808d4.CGLIB$sqlSessionFactory$1(<generated>)
	at org.mybatis.spring.boot.autoconfigure.MybatisAutoConfiguration$$EnhancerBySpringCGLIB$$71a808d4$$FastClassBySpringCGLIB$$e90f1a57.invoke(<generated>)
	at org.springframework.cglib.proxy.MethodProxy.invokeSuper(MethodProxy.java:228)
	at org.springframework.context.annotation.ConfigurationClassEnhancer$BeanMethodInterceptor.intercept(ConfigurationClassEnhancer.java:358)
	at org.mybatis.spring.boot.autoconfigure.MybatisAutoConfiguration$$EnhancerBySpringCGLIB$$71a808d4.sqlSessionFactory(<generated>)
	at sun.reflect.NativeMethodAccessorImpl.invoke0(Native Method)
	at sun.reflect.NativeMethodAccessorImpl.invoke(NativeMethodAccessorImpl.java:62)
	at sun.reflect.DelegatingMethodAccessorImpl.invoke(DelegatingMethodAccessorImpl.java:43)
	at java.lang.reflect.Method.invoke(Method.java:498)
	at org.springframework.beans.factory.support.SimpleInstantiationStrategy.instantiate(SimpleInstantiationStrategy.java:162)
	... 61 common frames omitted
Caused by: org.apache.ibatis.builder.BuilderException: Error parsing Mapper XML. Cause: org.apache.ibatis.builder.BuilderException: Error resolving class. Cause: org.apache.ibatis.type.TypeException: Could not resolve type alias 'ArticleResponse'.  Cause: java.lang.ClassNotFoundException: Cannot find class: ArticleResponse
	at org.apache.ibatis.builder.xml.XMLMapperBuilder.configurationElement(XMLMapperBuilder.java:120)
	at org.apache.ibatis.builder.xml.XMLMapperBuilder.parse(XMLMapperBuilder.java:92)
	at org.mybatis.spring.SqlSessionFactoryBean.buildSqlSessionFactory(SqlSessionFactoryBean.java:521)
	... 74 common frames omitted
Caused by: org.apache.ibatis.builder.BuilderException: Error resolving class. Cause: org.apache.ibatis.type.TypeException: Could not resolve type alias 'ArticleResponse'.  Cause: java.lang.ClassNotFoundException: Cannot find class: ArticleResponse
	at org.apache.ibatis.builder.BaseBuilder.resolveClass(BaseBuilder.java:118)
	at org.apache.ibatis.builder.xml.XMLMapperBuilder.resultMapElement(XMLMapperBuilder.java:265)
	at org.apache.ibatis.builder.xml.XMLMapperBuilder.resultMapElement(XMLMapperBuilder.java:252)
	at org.apache.ibatis.builder.xml.XMLMapperBuilder.resultMapElements(XMLMapperBuilder.java:244)
	at org.apache.ibatis.builder.xml.XMLMapperBuilder.configurationElement(XMLMapperBuilder.java:116)
	... 76 common frames omitted
Caused by: org.apache.ibatis.type.TypeException: Could not resolve type alias 'ArticleResponse'.  Cause: java.lang.ClassNotFoundException: Cannot find class: ArticleResponse
	at org.apache.ibatis.type.TypeAliasRegistry.resolveAlias(TypeAliasRegistry.java:120)
	at org.apache.ibatis.builder.BaseBuilder.resolveAlias(BaseBuilder.java:149)
	at org.apache.ibatis.builder.BaseBuilder.resolveClass(BaseBuilder.java:116)
	... 80 common frames omitted
Caused by: java.lang.ClassNotFoundException: Cannot find class: ArticleResponse
	at org.apache.ibatis.io.ClassLoaderWrapper.classForName(ClassLoaderWrapper.java:200)
	at org.apache.ibatis.io.ClassLoaderWrapper.classForName(ClassLoaderWrapper.java:89)
	at org.apache.ibatis.io.Resources.classForName(Resources.java:261)
	at org.apache.ibatis.type.TypeAliasRegistry.resolveAlias(TypeAliasRegistry.java:116)
	... 82 common frames omitted
2018-06-22 09:57:22,089 INFO (StartupInfoLogger.java:48)- Starting ArticleServiceAppilcation on DESKTOP-R0HDP38 with PID 18540 (D:\project\article-service\target\classes started by zangsh in D:\project\article-service)
2018-06-22 09:57:22,097 INFO (SpringApplication.java:597)- The following profiles are active: dev
2018-06-22 09:57:22,150 INFO (AbstractApplicationContext.java:583)- Refreshing org.springframework.boot.context.embedded.AnnotationConfigEmbeddedWebApplicationContext@60831a46: startup date [Fri Jun 22 09:57:22 CST 2018]; root of context hierarchy
2018-06-22 09:57:22,331 INFO (Version.java:30)- HV000001: Hibernate Validator 5.3.6.Final
2018-06-22 09:57:23,538 INFO (TomcatEmbeddedServletContainer.java:92)- Tomcat initialized with port(s): 8080 (http)
2018-06-22 09:57:23,549 INFO (DirectJDKLog.java:180)- Initializing ProtocolHandler ["http-nio-8080"]
2018-06-22 09:57:23,555 INFO (DirectJDKLog.java:180)- Starting service [Tomcat]
2018-06-22 09:57:23,555 INFO (DirectJDKLog.java:180)- Starting Servlet Engine: Apache Tomcat/8.5.31
2018-06-22 09:57:23,616 INFO (DirectJDKLog.java:180)- Initializing Spring embedded WebApplicationContext
2018-06-22 09:57:23,617 INFO (EmbeddedWebApplicationContext.java:276)- Root WebApplicationContext: initialization completed in 1467 ms
2018-06-22 09:57:23,830 INFO (ServletRegistrationBean.java:190)- Mapping servlet: 'dispatcherServlet' to [/]
2018-06-22 09:57:23,831 INFO (ServletRegistrationBean.java:190)- Mapping servlet: 'statViewServlet' to [/druid/*]
2018-06-22 09:57:23,832 INFO (AbstractFilterRegistrationBean.java:258)- Mapping filter: 'metricsFilter' to: [/*]
2018-06-22 09:57:23,833 INFO (AbstractFilterRegistrationBean.java:258)- Mapping filter: 'characterEncodingFilter' to: [/*]
2018-06-22 09:57:23,833 INFO (AbstractFilterRegistrationBean.java:258)- Mapping filter: 'hiddenHttpMethodFilter' to: [/*]
2018-06-22 09:57:23,833 INFO (AbstractFilterRegistrationBean.java:258)- Mapping filter: 'httpPutFormContentFilter' to: [/*]
2018-06-22 09:57:23,833 INFO (AbstractFilterRegistrationBean.java:258)- Mapping filter: 'requestContextFilter' to: [/*]
2018-06-22 09:57:23,833 INFO (AbstractFilterRegistrationBean.java:258)- Mapping filter: 'webRequestLoggingFilter' to: [/*]
2018-06-22 09:57:23,833 INFO (AbstractFilterRegistrationBean.java:271)- Mapping filter: 'webStatFilter' to urls: [/*]
2018-06-22 09:57:23,833 INFO (AbstractFilterRegistrationBean.java:258)- Mapping filter: 'applicationContextIdFilter' to: [/*]
2018-06-22 09:57:25,036 INFO (RequestMappingHandlerAdapter.java:534)- Looking for @ControllerAdvice: org.springframework.boot.context.embedded.AnnotationConfigEmbeddedWebApplicationContext@60831a46: startup date [Fri Jun 22 09:57:22 CST 2018]; root of context hierarchy
2018-06-22 09:57:25,074 INFO (AbstractHandlerMethodMapping.java:543)- Mapped "{[/article/getArticleByPage],methods=[POST]}" onto public java.lang.String com.czb.article.controller.ArticleController.getArticleByPage(java.lang.String)
2018-06-22 09:57:25,075 INFO (AbstractHandlerMethodMapping.java:543)- Mapped "{[/article/addArticle],methods=[POST]}" onto public java.lang.String com.czb.article.controller.ArticleController.addArticle(java.lang.String)
2018-06-22 09:57:25,076 INFO (AbstractHandlerMethodMapping.java:543)- Mapped "{[/label/getLabels],methods=[GET]}" onto public java.lang.String com.czb.article.controller.LabelController.getLabels(java.lang.String,int,int)
2018-06-22 09:57:25,076 INFO (AbstractHandlerMethodMapping.java:543)- Mapped "{[/label/getRandomLabels],methods=[GET]}" onto public java.lang.String com.czb.article.controller.LabelController.getRandomLabels(int)
2018-06-22 09:57:25,076 INFO (AbstractHandlerMethodMapping.java:543)- Mapped "{[/user/getUser]}" onto public java.lang.String com.czb.article.controller.UserController.getUser()
2018-06-22 09:57:25,077 INFO (AbstractHandlerMethodMapping.java:543)- Mapped "{[/error]}" onto public org.springframework.http.ResponseEntity<java.util.Map<java.lang.String, java.lang.Object>> org.springframework.boot.autoconfigure.web.BasicErrorController.error(javax.servlet.http.HttpServletRequest)
2018-06-22 09:57:25,078 INFO (AbstractHandlerMethodMapping.java:543)- Mapped "{[/error],produces=[text/html]}" onto public org.springframework.web.servlet.ModelAndView org.springframework.boot.autoconfigure.web.BasicErrorController.errorHtml(javax.servlet.http.HttpServletRequest,javax.servlet.http.HttpServletResponse)
2018-06-22 09:57:25,096 INFO (AbstractUrlHandlerMapping.java:362)- Mapped URL path [/webjars/**] onto handler of type [class org.springframework.web.servlet.resource.ResourceHttpRequestHandler]
2018-06-22 09:57:25,096 INFO (AbstractUrlHandlerMapping.java:362)- Mapped URL path [/**] onto handler of type [class org.springframework.web.servlet.resource.ResourceHttpRequestHandler]
2018-06-22 09:57:25,109 INFO (ExceptionHandlerExceptionResolver.java:273)- Detected @ExceptionHandler methods in globleExceptionHandler
2018-06-22 09:57:25,124 INFO (AbstractUrlHandlerMapping.java:362)- Mapped URL path [/**/favicon.ico] onto handler of type [class org.springframework.web.servlet.resource.ResourceHttpRequestHandler]
2018-06-22 09:57:25,358 INFO (AbstractHandlerMethodMapping.java:543)- Mapped "{[/dump || /dump.json],methods=[GET],produces=[application/vnd.spring-boot.actuator.v1+json || application/json]}" onto public java.lang.Object org.springframework.boot.actuate.endpoint.mvc.EndpointMvcAdapter.invoke()
2018-06-22 09:57:25,358 INFO (AbstractHandlerMethodMapping.java:543)- Mapped "{[/heapdump || /heapdump.json],methods=[GET],produces=[application/octet-stream]}" onto public void org.springframework.boot.actuate.endpoint.mvc.HeapdumpMvcEndpoint.invoke(boolean,javax.servlet.http.HttpServletRequest,javax.servlet.http.HttpServletResponse) throws java.io.IOException,javax.servlet.ServletException
2018-06-22 09:57:25,359 INFO (AbstractHandlerMethodMapping.java:543)- Mapped "{[/configprops || /configprops.json],methods=[GET],produces=[application/vnd.spring-boot.actuator.v1+json || application/json]}" onto public java.lang.Object org.springframework.boot.actuate.endpoint.mvc.EndpointMvcAdapter.invoke()
2018-06-22 09:57:25,359 INFO (AbstractHandlerMethodMapping.java:543)- Mapped "{[/info || /info.json],methods=[GET],produces=[application/vnd.spring-boot.actuator.v1+json || application/json]}" onto public java.lang.Object org.springframework.boot.actuate.endpoint.mvc.EndpointMvcAdapter.invoke()
2018-06-22 09:57:25,360 INFO (AbstractHandlerMethodMapping.java:543)- Mapped "{[/autoconfig || /autoconfig.json],methods=[GET],produces=[application/vnd.spring-boot.actuator.v1+json || application/json]}" onto public java.lang.Object org.springframework.boot.actuate.endpoint.mvc.EndpointMvcAdapter.invoke()
2018-06-22 09:57:25,361 INFO (AbstractHandlerMethodMapping.java:543)- Mapped "{[/health || /health.json],methods=[GET],produces=[application/vnd.spring-boot.actuator.v1+json || application/json]}" onto public java.lang.Object org.springframework.boot.actuate.endpoint.mvc.HealthMvcEndpoint.invoke(javax.servlet.http.HttpServletRequest,java.security.Principal)
2018-06-22 09:57:25,361 INFO (AbstractHandlerMethodMapping.java:543)- Mapped "{[/metrics/{name:.*}],methods=[GET],produces=[application/vnd.spring-boot.actuator.v1+json || application/json]}" onto public java.lang.Object org.springframework.boot.actuate.endpoint.mvc.MetricsMvcEndpoint.value(java.lang.String)
2018-06-22 09:57:25,361 INFO (AbstractHandlerMethodMapping.java:543)- Mapped "{[/metrics || /metrics.json],methods=[GET],produces=[application/vnd.spring-boot.actuator.v1+json || application/json]}" onto public java.lang.Object org.springframework.boot.actuate.endpoint.mvc.EndpointMvcAdapter.invoke()
2018-06-22 09:57:25,362 INFO (AbstractHandlerMethodMapping.java:543)- Mapped "{[/loggers/{name:.*}],methods=[GET],produces=[application/vnd.spring-boot.actuator.v1+json || application/json]}" onto public java.lang.Object org.springframework.boot.actuate.endpoint.mvc.LoggersMvcEndpoint.get(java.lang.String)
2018-06-22 09:57:25,362 INFO (AbstractHandlerMethodMapping.java:543)- Mapped "{[/loggers/{name:.*}],methods=[POST],consumes=[application/vnd.spring-boot.actuator.v1+json || application/json],produces=[application/vnd.spring-boot.actuator.v1+json || application/json]}" onto public java.lang.Object org.springframework.boot.actuate.endpoint.mvc.LoggersMvcEndpoint.set(java.lang.String,java.util.Map<java.lang.String, java.lang.String>)
2018-06-22 09:57:25,363 INFO (AbstractHandlerMethodMapping.java:543)- Mapped "{[/loggers || /loggers.json],methods=[GET],produces=[application/vnd.spring-boot.actuator.v1+json || application/json]}" onto public java.lang.Object org.springframework.boot.actuate.endpoint.mvc.EndpointMvcAdapter.invoke()
2018-06-22 09:57:25,363 INFO (AbstractHandlerMethodMapping.java:543)- Mapped "{[/auditevents || /auditevents.json],methods=[GET],produces=[application/vnd.spring-boot.actuator.v1+json || application/json]}" onto public org.springframework.http.ResponseEntity<?> org.springframework.boot.actuate.endpoint.mvc.AuditEventsMvcEndpoint.findByPrincipalAndAfterAndType(java.lang.String,java.util.Date,java.lang.String)
2018-06-22 09:57:25,363 INFO (AbstractHandlerMethodMapping.java:543)- Mapped "{[/mappings || /mappings.json],methods=[GET],produces=[application/vnd.spring-boot.actuator.v1+json || application/json]}" onto public java.lang.Object org.springframework.boot.actuate.endpoint.mvc.EndpointMvcAdapter.invoke()
2018-06-22 09:57:25,364 INFO (AbstractHandlerMethodMapping.java:543)- Mapped "{[/env/{name:.*}],methods=[GET],produces=[application/vnd.spring-boot.actuator.v1+json || application/json]}" onto public java.lang.Object org.springframework.boot.actuate.endpoint.mvc.EnvironmentMvcEndpoint.value(java.lang.String)
2018-06-22 09:57:25,364 INFO (AbstractHandlerMethodMapping.java:543)- Mapped "{[/env || /env.json],methods=[GET],produces=[application/vnd.spring-boot.actuator.v1+json || application/json]}" onto public java.lang.Object org.springframework.boot.actuate.endpoint.mvc.EndpointMvcAdapter.invoke()
2018-06-22 09:57:25,364 INFO (AbstractHandlerMethodMapping.java:543)- Mapped "{[/beans || /beans.json],methods=[GET],produces=[application/vnd.spring-boot.actuator.v1+json || application/json]}" onto public java.lang.Object org.springframework.boot.actuate.endpoint.mvc.EndpointMvcAdapter.invoke()
2018-06-22 09:57:25,365 INFO (AbstractHandlerMethodMapping.java:543)- Mapped "{[/trace || /trace.json],methods=[GET],produces=[application/vnd.spring-boot.actuator.v1+json || application/json]}" onto public java.lang.Object org.springframework.boot.actuate.endpoint.mvc.EndpointMvcAdapter.invoke()
2018-06-22 09:57:25,475 INFO (OptionalLiveReloadServer.java:58)- LiveReload server is running on port 35729
2018-06-22 09:57:25,525 INFO (MBeanExporter.java:431)- Registering beans for JMX exposure on startup
2018-06-22 09:57:25,527 INFO (MBeanExporter.java:916)- Bean with name 'statFilter' has been autodetected for JMX exposure
2018-06-22 09:57:25,527 INFO (MBeanExporter.java:916)- Bean with name 'wallConfig' has been autodetected for JMX exposure
2018-06-22 09:57:25,527 INFO (MBeanExporter.java:916)- Bean with name 'wallFilter' has been autodetected for JMX exposure
2018-06-22 09:57:25,527 INFO (MBeanExporter.java:916)- Bean with name 'dataSource' has been autodetected for JMX exposure
2018-06-22 09:57:25,531 INFO (MBeanExporter.java:671)- Located MBean 'wallConfig': registering with JMX server as MBean [com.alibaba.druid.wall:name=wallConfig,type=WallConfig]
2018-06-22 09:57:25,532 INFO (MBeanExporter.java:671)- Located MBean 'wallFilter': registering with JMX server as MBean [com.alibaba.druid.wall:name=wallFilter,type=WallFilter]
2018-06-22 09:57:25,532 INFO (MBeanExporter.java:671)- Located MBean 'dataSource': registering with JMX server as MBean [com.alibaba.druid.spring.boot.autoconfigure:name=dataSource,type=DruidDataSourceWrapper]
2018-06-22 09:57:25,533 INFO (MBeanExporter.java:671)- Located MBean 'statFilter': registering with JMX server as MBean [com.alibaba.druid.filter.stat:name=statFilter,type=StatFilter]
2018-06-22 09:57:25,533 INFO (MBeanExporter.java:431)- Registering beans for JMX exposure on startup
2018-06-22 09:57:25,536 INFO (DefaultLifecycleProcessor.java:343)- Starting beans in phase 0
2018-06-22 09:57:25,537 INFO (MBeanExporter.java:678)- Located managed bean 'auditEventsEndpoint': registering with JMX server as MBean [org.springframework.boot:type=Endpoint,name=auditEventsEndpoint]
2018-06-22 09:57:25,550 INFO (MBeanExporter.java:678)- Located managed bean 'requestMappingEndpoint': registering with JMX server as MBean [org.springframework.boot:type=Endpoint,name=requestMappingEndpoint]
2018-06-22 09:57:25,555 INFO (MBeanExporter.java:678)- Located managed bean 'environmentEndpoint': registering with JMX server as MBean [org.springframework.boot:type=Endpoint,name=environmentEndpoint]
2018-06-22 09:57:25,558 INFO (MBeanExporter.java:678)- Located managed bean 'healthEndpoint': registering with JMX server as MBean [org.springframework.boot:type=Endpoint,name=healthEndpoint]
2018-06-22 09:57:25,560 INFO (MBeanExporter.java:678)- Located managed bean 'beansEndpoint': registering with JMX server as MBean [org.springframework.boot:type=Endpoint,name=beansEndpoint]
2018-06-22 09:57:25,561 INFO (MBeanExporter.java:678)- Located managed bean 'infoEndpoint': registering with JMX server as MBean [org.springframework.boot:type=Endpoint,name=infoEndpoint]
2018-06-22 09:57:25,563 INFO (MBeanExporter.java:678)- Located managed bean 'loggersEndpoint': registering with JMX server as MBean [org.springframework.boot:type=Endpoint,name=loggersEndpoint]
2018-06-22 09:57:25,572 INFO (MBeanExporter.java:678)- Located managed bean 'metricsEndpoint': registering with JMX server as MBean [org.springframework.boot:type=Endpoint,name=metricsEndpoint]
2018-06-22 09:57:25,574 INFO (MBeanExporter.java:678)- Located managed bean 'traceEndpoint': registering with JMX server as MBean [org.springframework.boot:type=Endpoint,name=traceEndpoint]
2018-06-22 09:57:25,575 INFO (MBeanExporter.java:678)- Located managed bean 'dumpEndpoint': registering with JMX server as MBean [org.springframework.boot:type=Endpoint,name=dumpEndpoint]
2018-06-22 09:57:25,577 INFO (MBeanExporter.java:678)- Located managed bean 'autoConfigurationReportEndpoint': registering with JMX server as MBean [org.springframework.boot:type=Endpoint,name=autoConfigurationReportEndpoint]
2018-06-22 09:57:25,578 INFO (MBeanExporter.java:678)- Located managed bean 'configurationPropertiesReportEndpoint': registering with JMX server as MBean [org.springframework.boot:type=Endpoint,name=configurationPropertiesReportEndpoint]
2018-06-22 09:57:25,590 INFO (DirectJDKLog.java:180)- Starting ProtocolHandler ["http-nio-8080"]
2018-06-22 09:57:25,598 INFO (DirectJDKLog.java:180)- Using a shared selector for servlet write/read
2018-06-22 09:57:25,613 INFO (TomcatEmbeddedServletContainer.java:216)- Tomcat started on port(s): 8080 (http)
2018-06-22 09:57:25,618 INFO (StartupInfoLogger.java:57)- Started ArticleServiceAppilcation in 3.789 seconds (JVM running for 4.264)
2018-06-22 11:49:45,220 INFO (StartupInfoLogger.java:48)- Starting ArticleServiceAppilcation on DESKTOP-R0HDP38 with PID 5672 (D:\project\article-service\target\classes started by zangsh in D:\project\article-service)
2018-06-22 11:49:45,222 INFO (SpringApplication.java:597)- The following profiles are active: dev
2018-06-22 11:49:45,267 INFO (AbstractApplicationContext.java:583)- Refreshing org.springframework.boot.context.embedded.AnnotationConfigEmbeddedWebApplicationContext@60831a46: startup date [Fri Jun 22 11:49:45 CST 2018]; root of context hierarchy
2018-06-22 11:49:45,407 INFO (Version.java:30)- HV000001: Hibernate Validator 5.3.6.Final
2018-06-22 11:49:46,651 INFO (TomcatEmbeddedServletContainer.java:92)- Tomcat initialized with port(s): 8080 (http)
2018-06-22 11:49:46,660 INFO (DirectJDKLog.java:180)- Initializing ProtocolHandler ["http-nio-8080"]
2018-06-22 11:49:46,666 INFO (DirectJDKLog.java:180)- Starting service [Tomcat]
2018-06-22 11:49:46,667 INFO (DirectJDKLog.java:180)- Starting Servlet Engine: Apache Tomcat/8.5.31
2018-06-22 11:49:46,729 INFO (DirectJDKLog.java:180)- Initializing Spring embedded WebApplicationContext
2018-06-22 11:49:46,729 INFO (EmbeddedWebApplicationContext.java:276)- Root WebApplicationContext: initialization completed in 1462 ms
2018-06-22 11:49:46,968 INFO (ServletRegistrationBean.java:190)- Mapping servlet: 'dispatcherServlet' to [/]
2018-06-22 11:49:46,969 INFO (ServletRegistrationBean.java:190)- Mapping servlet: 'statViewServlet' to [/druid/*]
2018-06-22 11:49:46,971 INFO (AbstractFilterRegistrationBean.java:258)- Mapping filter: 'metricsFilter' to: [/*]
2018-06-22 11:49:46,972 INFO (AbstractFilterRegistrationBean.java:258)- Mapping filter: 'characterEncodingFilter' to: [/*]
2018-06-22 11:49:46,972 INFO (AbstractFilterRegistrationBean.java:258)- Mapping filter: 'hiddenHttpMethodFilter' to: [/*]
2018-06-22 11:49:46,972 INFO (AbstractFilterRegistrationBean.java:258)- Mapping filter: 'httpPutFormContentFilter' to: [/*]
2018-06-22 11:49:46,972 INFO (AbstractFilterRegistrationBean.java:258)- Mapping filter: 'requestContextFilter' to: [/*]
2018-06-22 11:49:46,972 INFO (AbstractFilterRegistrationBean.java:258)- Mapping filter: 'webRequestLoggingFilter' to: [/*]
2018-06-22 11:49:46,972 INFO (AbstractFilterRegistrationBean.java:271)- Mapping filter: 'webStatFilter' to urls: [/*]
2018-06-22 11:49:46,972 INFO (AbstractFilterRegistrationBean.java:258)- Mapping filter: 'applicationContextIdFilter' to: [/*]
2018-06-22 11:49:48,148 INFO (RequestMappingHandlerAdapter.java:534)- Looking for @ControllerAdvice: org.springframework.boot.context.embedded.AnnotationConfigEmbeddedWebApplicationContext@60831a46: startup date [Fri Jun 22 11:49:45 CST 2018]; root of context hierarchy
2018-06-22 11:49:48,182 INFO (AbstractHandlerMethodMapping.java:543)- Mapped "{[/article/getArticleByPage],methods=[POST]}" onto public java.lang.String com.czb.article.controller.ArticleController.getArticleByPage(java.lang.String)
2018-06-22 11:49:48,184 INFO (AbstractHandlerMethodMapping.java:543)- Mapped "{[/article/addArticle],methods=[POST]}" onto public java.lang.String com.czb.article.controller.ArticleController.addArticle(java.lang.String)
2018-06-22 11:49:48,184 INFO (AbstractHandlerMethodMapping.java:543)- Mapped "{[/label/getRandomLabels],methods=[GET]}" onto public java.lang.String com.czb.article.controller.LabelController.getRandomLabels(int)
2018-06-22 11:49:48,185 INFO (AbstractHandlerMethodMapping.java:543)- Mapped "{[/label/getLabels],methods=[GET]}" onto public java.lang.String com.czb.article.controller.LabelController.getLabels(java.lang.String,int,int)
2018-06-22 11:49:48,185 INFO (AbstractHandlerMethodMapping.java:543)- Mapped "{[/user/getUser]}" onto public java.lang.String com.czb.article.controller.UserController.getUser()
2018-06-22 11:49:48,186 INFO (AbstractHandlerMethodMapping.java:543)- Mapped "{[/error]}" onto public org.springframework.http.ResponseEntity<java.util.Map<java.lang.String, java.lang.Object>> org.springframework.boot.autoconfigure.web.BasicErrorController.error(javax.servlet.http.HttpServletRequest)
2018-06-22 11:49:48,186 INFO (AbstractHandlerMethodMapping.java:543)- Mapped "{[/error],produces=[text/html]}" onto public org.springframework.web.servlet.ModelAndView org.springframework.boot.autoconfigure.web.BasicErrorController.errorHtml(javax.servlet.http.HttpServletRequest,javax.servlet.http.HttpServletResponse)
2018-06-22 11:49:48,206 INFO (AbstractUrlHandlerMapping.java:362)- Mapped URL path [/webjars/**] onto handler of type [class org.springframework.web.servlet.resource.ResourceHttpRequestHandler]
2018-06-22 11:49:48,206 INFO (AbstractUrlHandlerMapping.java:362)- Mapped URL path [/**] onto handler of type [class org.springframework.web.servlet.resource.ResourceHttpRequestHandler]
2018-06-22 11:49:48,216 INFO (ExceptionHandlerExceptionResolver.java:273)- Detected @ExceptionHandler methods in globleExceptionHandler
2018-06-22 11:49:48,228 INFO (AbstractUrlHandlerMapping.java:362)- Mapped URL path [/**/favicon.ico] onto handler of type [class org.springframework.web.servlet.resource.ResourceHttpRequestHandler]
2018-06-22 11:49:48,465 INFO (AbstractHandlerMethodMapping.java:543)- Mapped "{[/metrics/{name:.*}],methods=[GET],produces=[application/vnd.spring-boot.actuator.v1+json || application/json]}" onto public java.lang.Object org.springframework.boot.actuate.endpoint.mvc.MetricsMvcEndpoint.value(java.lang.String)
2018-06-22 11:49:48,465 INFO (AbstractHandlerMethodMapping.java:543)- Mapped "{[/metrics || /metrics.json],methods=[GET],produces=[application/vnd.spring-boot.actuator.v1+json || application/json]}" onto public java.lang.Object org.springframework.boot.actuate.endpoint.mvc.EndpointMvcAdapter.invoke()
2018-06-22 11:49:48,466 INFO (AbstractHandlerMethodMapping.java:543)- Mapped "{[/env/{name:.*}],methods=[GET],produces=[application/vnd.spring-boot.actuator.v1+json || application/json]}" onto public java.lang.Object org.springframework.boot.actuate.endpoint.mvc.EnvironmentMvcEndpoint.value(java.lang.String)
2018-06-22 11:49:48,466 INFO (AbstractHandlerMethodMapping.java:543)- Mapped "{[/env || /env.json],methods=[GET],produces=[application/vnd.spring-boot.actuator.v1+json || application/json]}" onto public java.lang.Object org.springframework.boot.actuate.endpoint.mvc.EndpointMvcAdapter.invoke()
2018-06-22 11:49:48,466 INFO (AbstractHandlerMethodMapping.java:543)- Mapped "{[/beans || /beans.json],methods=[GET],produces=[application/vnd.spring-boot.actuator.v1+json || application/json]}" onto public java.lang.Object org.springframework.boot.actuate.endpoint.mvc.EndpointMvcAdapter.invoke()
2018-06-22 11:49:48,468 INFO (AbstractHandlerMethodMapping.java:543)- Mapped "{[/health || /health.json],methods=[GET],produces=[application/vnd.spring-boot.actuator.v1+json || application/json]}" onto public java.lang.Object org.springframework.boot.actuate.endpoint.mvc.HealthMvcEndpoint.invoke(javax.servlet.http.HttpServletRequest,java.security.Principal)
2018-06-22 11:49:48,469 INFO (AbstractHandlerMethodMapping.java:543)- Mapped "{[/auditevents || /auditevents.json],methods=[GET],produces=[application/vnd.spring-boot.actuator.v1+json || application/json]}" onto public org.springframework.http.ResponseEntity<?> org.springframework.boot.actuate.endpoint.mvc.AuditEventsMvcEndpoint.findByPrincipalAndAfterAndType(java.lang.String,java.util.Date,java.lang.String)
2018-06-22 11:49:48,470 INFO (AbstractHandlerMethodMapping.java:543)- Mapped "{[/mappings || /mappings.json],methods=[GET],produces=[application/vnd.spring-boot.actuator.v1+json || application/json]}" onto public java.lang.Object org.springframework.boot.actuate.endpoint.mvc.EndpointMvcAdapter.invoke()
2018-06-22 11:49:48,470 INFO (AbstractHandlerMethodMapping.java:543)- Mapped "{[/autoconfig || /autoconfig.json],methods=[GET],produces=[application/vnd.spring-boot.actuator.v1+json || application/json]}" onto public java.lang.Object org.springframework.boot.actuate.endpoint.mvc.EndpointMvcAdapter.invoke()
2018-06-22 11:49:48,471 INFO (AbstractHandlerMethodMapping.java:543)- Mapped "{[/trace || /trace.json],methods=[GET],produces=[application/vnd.spring-boot.actuator.v1+json || application/json]}" onto public java.lang.Object org.springframework.boot.actuate.endpoint.mvc.EndpointMvcAdapter.invoke()
2018-06-22 11:49:48,471 INFO (AbstractHandlerMethodMapping.java:543)- Mapped "{[/info || /info.json],methods=[GET],produces=[application/vnd.spring-boot.actuator.v1+json || application/json]}" onto public java.lang.Object org.springframework.boot.actuate.endpoint.mvc.EndpointMvcAdapter.invoke()
2018-06-22 11:49:48,472 INFO (AbstractHandlerMethodMapping.java:543)- Mapped "{[/dump || /dump.json],methods=[GET],produces=[application/vnd.spring-boot.actuator.v1+json || application/json]}" onto public java.lang.Object org.springframework.boot.actuate.endpoint.mvc.EndpointMvcAdapter.invoke()
2018-06-22 11:49:48,473 INFO (AbstractHandlerMethodMapping.java:543)- Mapped "{[/heapdump || /heapdump.json],methods=[GET],produces=[application/octet-stream]}" onto public void org.springframework.boot.actuate.endpoint.mvc.HeapdumpMvcEndpoint.invoke(boolean,javax.servlet.http.HttpServletRequest,javax.servlet.http.HttpServletResponse) throws java.io.IOException,javax.servlet.ServletException
2018-06-22 11:49:48,473 INFO (AbstractHandlerMethodMapping.java:543)- Mapped "{[/configprops || /configprops.json],methods=[GET],produces=[application/vnd.spring-boot.actuator.v1+json || application/json]}" onto public java.lang.Object org.springframework.boot.actuate.endpoint.mvc.EndpointMvcAdapter.invoke()
2018-06-22 11:49:48,474 INFO (AbstractHandlerMethodMapping.java:543)- Mapped "{[/loggers/{name:.*}],methods=[GET],produces=[application/vnd.spring-boot.actuator.v1+json || application/json]}" onto public java.lang.Object org.springframework.boot.actuate.endpoint.mvc.LoggersMvcEndpoint.get(java.lang.String)
2018-06-22 11:49:48,474 INFO (AbstractHandlerMethodMapping.java:543)- Mapped "{[/loggers/{name:.*}],methods=[POST],consumes=[application/vnd.spring-boot.actuator.v1+json || application/json],produces=[application/vnd.spring-boot.actuator.v1+json || application/json]}" onto public java.lang.Object org.springframework.boot.actuate.endpoint.mvc.LoggersMvcEndpoint.set(java.lang.String,java.util.Map<java.lang.String, java.lang.String>)
2018-06-22 11:49:48,475 INFO (AbstractHandlerMethodMapping.java:543)- Mapped "{[/loggers || /loggers.json],methods=[GET],produces=[application/vnd.spring-boot.actuator.v1+json || application/json]}" onto public java.lang.Object org.springframework.boot.actuate.endpoint.mvc.EndpointMvcAdapter.invoke()
2018-06-22 11:49:48,604 INFO (OptionalLiveReloadServer.java:58)- LiveReload server is running on port 35729
2018-06-22 11:49:48,660 INFO (MBeanExporter.java:431)- Registering beans for JMX exposure on startup
2018-06-22 11:49:48,662 INFO (MBeanExporter.java:916)- Bean with name 'statFilter' has been autodetected for JMX exposure
2018-06-22 11:49:48,662 INFO (MBeanExporter.java:916)- Bean with name 'wallConfig' has been autodetected for JMX exposure
2018-06-22 11:49:48,662 INFO (MBeanExporter.java:916)- Bean with name 'wallFilter' has been autodetected for JMX exposure
2018-06-22 11:49:48,663 INFO (MBeanExporter.java:916)- Bean with name 'dataSource' has been autodetected for JMX exposure
2018-06-22 11:49:48,669 INFO (MBeanExporter.java:671)- Located MBean 'wallConfig': registering with JMX server as MBean [com.alibaba.druid.wall:name=wallConfig,type=WallConfig]
2018-06-22 11:49:48,672 INFO (MBeanExporter.java:671)- Located MBean 'wallFilter': registering with JMX server as MBean [com.alibaba.druid.wall:name=wallFilter,type=WallFilter]
2018-06-22 11:49:48,674 INFO (MBeanExporter.java:671)- Located MBean 'dataSource': registering with JMX server as MBean [com.alibaba.druid.spring.boot.autoconfigure:name=dataSource,type=DruidDataSourceWrapper]
2018-06-22 11:49:48,674 INFO (MBeanExporter.java:671)- Located MBean 'statFilter': registering with JMX server as MBean [com.alibaba.druid.filter.stat:name=statFilter,type=StatFilter]
2018-06-22 11:49:48,675 INFO (MBeanExporter.java:431)- Registering beans for JMX exposure on startup
2018-06-22 11:49:48,678 INFO (DefaultLifecycleProcessor.java:343)- Starting beans in phase 0
2018-06-22 11:49:48,679 INFO (MBeanExporter.java:678)- Located managed bean 'auditEventsEndpoint': registering with JMX server as MBean [org.springframework.boot:type=Endpoint,name=auditEventsEndpoint]
2018-06-22 11:49:48,692 INFO (MBeanExporter.java:678)- Located managed bean 'requestMappingEndpoint': registering with JMX server as MBean [org.springframework.boot:type=Endpoint,name=requestMappingEndpoint]
2018-06-22 11:49:48,699 INFO (MBeanExporter.java:678)- Located managed bean 'environmentEndpoint': registering with JMX server as MBean [org.springframework.boot:type=Endpoint,name=environmentEndpoint]
2018-06-22 11:49:48,704 INFO (MBeanExporter.java:678)- Located managed bean 'healthEndpoint': registering with JMX server as MBean [org.springframework.boot:type=Endpoint,name=healthEndpoint]
2018-06-22 11:49:48,706 INFO (MBeanExporter.java:678)- Located managed bean 'beansEndpoint': registering with JMX server as MBean [org.springframework.boot:type=Endpoint,name=beansEndpoint]
2018-06-22 11:49:48,708 INFO (MBeanExporter.java:678)- Located managed bean 'infoEndpoint': registering with JMX server as MBean [org.springframework.boot:type=Endpoint,name=infoEndpoint]
2018-06-22 11:49:48,711 INFO (MBeanExporter.java:678)- Located managed bean 'loggersEndpoint': registering with JMX server as MBean [org.springframework.boot:type=Endpoint,name=loggersEndpoint]
2018-06-22 11:49:48,714 INFO (MBeanExporter.java:678)- Located managed bean 'metricsEndpoint': registering with JMX server as MBean [org.springframework.boot:type=Endpoint,name=metricsEndpoint]
2018-06-22 11:49:48,716 INFO (MBeanExporter.java:678)- Located managed bean 'traceEndpoint': registering with JMX server as MBean [org.springframework.boot:type=Endpoint,name=traceEndpoint]
2018-06-22 11:49:48,720 INFO (MBeanExporter.java:678)- Located managed bean 'dumpEndpoint': registering with JMX server as MBean [org.springframework.boot:type=Endpoint,name=dumpEndpoint]
2018-06-22 11:49:48,723 INFO (MBeanExporter.java:678)- Located managed bean 'autoConfigurationReportEndpoint': registering with JMX server as MBean [org.springframework.boot:type=Endpoint,name=autoConfigurationReportEndpoint]
2018-06-22 11:49:48,725 INFO (MBeanExporter.java:678)- Located managed bean 'configurationPropertiesReportEndpoint': registering with JMX server as MBean [org.springframework.boot:type=Endpoint,name=configurationPropertiesReportEndpoint]
2018-06-22 11:49:48,737 INFO (DirectJDKLog.java:180)- Starting ProtocolHandler ["http-nio-8080"]
2018-06-22 11:49:48,746 INFO (DirectJDKLog.java:180)- Using a shared selector for servlet write/read
2018-06-22 11:49:48,758 INFO (TomcatEmbeddedServletContainer.java:216)- Tomcat started on port(s): 8080 (http)
2018-06-22 11:49:48,762 INFO (StartupInfoLogger.java:57)- Started ArticleServiceAppilcation in 3.73 seconds (JVM running for 4.199)
2018-06-22 11:50:39,903 INFO (DirectJDKLog.java:180)- Initializing Spring FrameworkServlet 'dispatcherServlet'
2018-06-22 11:50:39,903 INFO (FrameworkServlet.java:489)- FrameworkServlet 'dispatcherServlet': initialization started
2018-06-22 11:50:39,918 INFO (FrameworkServlet.java:508)- FrameworkServlet 'dispatcherServlet': initialization completed in 15 ms
2018-06-22 11:50:39,940 INFO (ArticleController.java:64)- addArticle{"token": "11111","title": "6","content": "1111","digest": "2222","image_addr": "https://localhost:8080/article/addArticle","keywords":""}
2018-06-22 11:50:39,986 INFO (DruidDataSource.java:854)- {dataSource-1} inited
2018-06-22 11:50:40,303 INFO (TimeInterceptor.java:51)- /article/addArticle : 371 {}  8080
